========================================================

[]

========================================================

"\"registration_ids\" field cannot be empty\n"

========================================================

[]

========================================================

"\"registration_ids\" field cannot be empty\n"

========================================================

["14254787425741","14254787425741254","534343143"]

========================================================

"{\"multicast_id\":4911844570678183943,\"success\":0,\"failure\":3,\"canonical_ids\":0,\"results\":[{\"error\":\"InvalidRegistration\"},{\"error\":\"InvalidRegistration\"},{\"error\":\"InvalidRegistration\"}]}"

========================================================

["14254787425741","14254787425741254","534343143"]

========================================================

"{\"multicast_id\":6283040218298654468,\"success\":0,\"failure\":3,\"canonical_ids\":0,\"results\":[{\"error\":\"InvalidRegistration\"},{\"error\":\"InvalidRegistration\"},{\"error\":\"InvalidRegistration\"}]}"

========================================================

["dUhZC3vg-GcjxpzJsMilkT:APA91bEq-9ElbT0bml9RdEcwpq-da-MyiY3S-aZHV5Y_TAXr0wlOAjMRbozGPuPKw07vDvY3R6GZN_xk98kYkUQofBvXpcjEDKydkENKS6BmT0sbSAhY3sYTgBfmfE-Bo_fM9HKSZ5ZU"]

========================================================

"{\"multicast_id\":2149923447109202694,\"success\":1,\"failure\":0,\"canonical_ids\":0,\"results\":[{\"message_id\":\"57447b94-a1f3-4a1c-b8df-7d509b3da122\"}]}"

========================================================

["dUhZC3vg-GcjxpzJsMilkT:APA91bEq-9ElbT0bml9RdEcwpq-da-MyiY3S-aZHV5Y_TAXr0wlOAjMRbozGPuPKw07vDvY3R6GZN_xk98kYkUQofBvXpcjEDKydkENKS6BmT0sbSAhY3sYTgBfmfE-Bo_fM9HKSZ5ZU"]

========================================================

"{\"multicast_id\":8353257405436705929,\"success\":1,\"failure\":0,\"canonical_ids\":0,\"results\":[{\"message_id\":\"7101281e-8d14-4974-ac57-aa76be7b3b0e\"}]}"

========================================================

["dUhZC3vg-GcjxpzJsMilkT:APA91bEq-9ElbT0bml9RdEcwpq-da-MyiY3S-aZHV5Y_TAXr0wlOAjMRbozGPuPKw07vDvY3R6GZN_xk98kYkUQofBvXpcjEDKydkENKS6BmT0sbSAhY3sYTgBfmfE-Bo_fM9HKSZ5ZU"]

========================================================

"{\"multicast_id\":8713220054806235435,\"success\":1,\"failure\":0,\"canonical_ids\":0,\"results\":[{\"message_id\":\"0a7d9971-9d62-4e98-afaa-6c542abf5868\"}]}"

========================================================

["dUhZC3vg-GcjxpzJsMilkT:APA91bEq-9ElbT0bml9RdEcwpq-da-MyiY3S-aZHV5Y_TAXr0wlOAjMRbozGPuPKw07vDvY3R6GZN_xk98kYkUQofBvXpcjEDKydkENKS6BmT0sbSAhY3sYTgBfmfE-Bo_fM9HKSZ5ZU"]

========================================================

"{\"multicast_id\":758639590068187331,\"success\":1,\"failure\":0,\"canonical_ids\":0,\"results\":[{\"message_id\":\"6e112473-bc0b-488a-8ea5-967f27c32baa\"}]}"

========================================================

["dUhZC3vg-GcjxpzJsMilkT:APA91bEq-9ElbT0bml9RdEcwpq-da-MyiY3S-aZHV5Y_TAXr0wlOAjMRbozGPuPKw07vDvY3R6GZN_xk98kYkUQofBvXpcjEDKydkENKS6BmT0sbSAhY3sYTgBfmfE-Bo_fM9HKSZ5ZU"]

========================================================

"{\"multicast_id\":7012177140144994842,\"success\":1,\"failure\":0,\"canonical_ids\":0,\"results\":[{\"message_id\":\"91baecae-ebbc-46f1-ba7a-b45321d6e281\"}]}"

========================================================

["dUhZC3vg-GcjxpzJsMilkT:APA91bEq-9ElbT0bml9RdEcwpq-da-MyiY3S-aZHV5Y_TAXr0wlOAjMRbozGPuPKw07vDvY3R6GZN_xk98kYkUQofBvXpcjEDKydkENKS6BmT0sbSAhY3sYTgBfmfE-Bo_fM9HKSZ5ZU"]

========================================================

"{\"multicast_id\":7869122962307207014,\"success\":1,\"failure\":0,\"canonical_ids\":0,\"results\":[{\"message_id\":\"c4305de5-8a8f-429b-9822-f21ad82131ab\"}]}"

========================================================

[]

========================================================

"\"registration_ids\" field cannot be empty\n"

========================================================

["dUhZC3vg-GcjxpzJsMilkT:APA91bEq-9ElbT0bml9RdEcwpq-da-MyiY3S-aZHV5Y_TAXr0wlOAjMRbozGPuPKw07vDvY3R6GZN_xk98kYkUQofBvXpcjEDKydkENKS6BmT0sbSAhY3sYTgBfmfE-Bo_fM9HKSZ5ZU"]

========================================================

"{\"multicast_id\":1695969353667932276,\"success\":1,\"failure\":0,\"canonical_ids\":0,\"results\":[{\"message_id\":\"3681fc32-01e8-44e1-8aa4-988c1b768105\"}]}"

========================================================

["dUhZC3vg-GcjxpzJsMilkT:APA91bEq-9ElbT0bml9RdEcwpq-da-MyiY3S-aZHV5Y_TAXr0wlOAjMRbozGPuPKw07vDvY3R6GZN_xk98kYkUQofBvXpcjEDKydkENKS6BmT0sbSAhY3sYTgBfmfE-Bo_fM9HKSZ5ZU"]

========================================================

"{\"multicast_id\":8504302670238840766,\"success\":1,\"failure\":0,\"canonical_ids\":0,\"results\":[{\"message_id\":\"c3b13b4b-aa4b-489d-bbcf-51267425360a\"}]}"

========================================================

["dUhZC3vg-GcjxpzJsMilkT:APA91bEq-9ElbT0bml9RdEcwpq-da-MyiY3S-aZHV5Y_TAXr0wlOAjMRbozGPuPKw07vDvY3R6GZN_xk98kYkUQofBvXpcjEDKydkENKS6BmT0sbSAhY3sYTgBfmfE-Bo_fM9HKSZ5ZU"]

========================================================

"{\"multicast_id\":8684154171507279930,\"success\":1,\"failure\":0,\"canonical_ids\":0,\"results\":[{\"message_id\":\"6576dae5-e300-403b-8dca-dbc880dfec2f\"}]}"

========================================================

["dUhZC3vg-GcjxpzJsMilkT:APA91bEq-9ElbT0bml9RdEcwpq-da-MyiY3S-aZHV5Y_TAXr0wlOAjMRbozGPuPKw07vDvY3R6GZN_xk98kYkUQofBvXpcjEDKydkENKS6BmT0sbSAhY3sYTgBfmfE-Bo_fM9HKSZ5ZU"]

========================================================

"{\"multicast_id\":8213591300302135940,\"success\":1,\"failure\":0,\"canonical_ids\":0,\"results\":[{\"message_id\":\"4d4904b4-7a2f-4584-885d-0a2a62b9edd3\"}]}"

========================================================

["dUhZC3vg-GcjxpzJsMilkT:APA91bEq-9ElbT0bml9RdEcwpq-da-MyiY3S-aZHV5Y_TAXr0wlOAjMRbozGPuPKw07vDvY3R6GZN_xk98kYkUQofBvXpcjEDKydkENKS6BmT0sbSAhY3sYTgBfmfE-Bo_fM9HKSZ5ZU"]

========================================================

"{\"multicast_id\":6730489934816606106,\"success\":1,\"failure\":0,\"canonical_ids\":0,\"results\":[{\"message_id\":\"06727fb5-5192-4c7e-8edf-b9f6ba748658\"}]}"

========================================================

["dUhZC3vg-GcjxpzJsMilkT:APA91bEq-9ElbT0bml9RdEcwpq-da-MyiY3S-aZHV5Y_TAXr0wlOAjMRbozGPuPKw07vDvY3R6GZN_xk98kYkUQofBvXpcjEDKydkENKS6BmT0sbSAhY3sYTgBfmfE-Bo_fM9HKSZ5ZU"]

========================================================

"{\"multicast_id\":1023260260197309843,\"success\":1,\"failure\":0,\"canonical_ids\":0,\"results\":[{\"message_id\":\"ca6ec1d3-9f97-4b7d-9c7b-93bd7d02fb1c\"}]}"

========================================================

["dUhZC3vg-GcjxpzJsMilkT:APA91bEq-9ElbT0bml9RdEcwpq-da-MyiY3S-aZHV5Y_TAXr0wlOAjMRbozGPuPKw07vDvY3R6GZN_xk98kYkUQofBvXpcjEDKydkENKS6BmT0sbSAhY3sYTgBfmfE-Bo_fM9HKSZ5ZU"]

========================================================

"{\"multicast_id\":8035344087827082598,\"success\":1,\"failure\":0,\"canonical_ids\":0,\"results\":[{\"message_id\":\"6542bc4b-9296-429a-8d0d-f3fc6f095223\"}]}"

========================================================

[]

========================================================

"\"registration_ids\" field cannot be empty\n"

========================================================

[]

========================================================

"\"registration_ids\" field cannot be empty\n"

========================================================

["dUhZC3vg-GcjxpzJsMilkT:APA91bEq-9ElbT0bml9RdEcwpq-da-MyiY3S-aZHV5Y_TAXr0wlOAjMRbozGPuPKw07vDvY3R6GZN_xk98kYkUQofBvXpcjEDKydkENKS6BmT0sbSAhY3sYTgBfmfE-Bo_fM9HKSZ5ZU"]

========================================================

"{\"multicast_id\":8584129769939258433,\"success\":1,\"failure\":0,\"canonical_ids\":0,\"results\":[{\"message_id\":\"72f5a965-9137-44e2-9bb8-285c10a6865e\"}]}"

========================================================

[]

========================================================

"\"registration_ids\" field cannot be empty\n"

========================================================

[]

========================================================

"\"registration_ids\" field cannot be empty\n"

========================================================

["dUhZC3vg-GcjxpzJsMilkT:APA91bEq-9ElbT0bml9RdEcwpq-da-MyiY3S-aZHV5Y_TAXr0wlOAjMRbozGPuPKw07vDvY3R6GZN_xk98kYkUQofBvXpcjEDKydkENKS6BmT0sbSAhY3sYTgBfmfE-Bo_fM9HKSZ5ZU"]

========================================================

"{\"multicast_id\":5619474302079481570,\"success\":1,\"failure\":0,\"canonical_ids\":0,\"results\":[{\"message_id\":\"384095c7-07b6-4164-b082-cc4e8dc7e199\"}]}"

========================================================

["dUhZC3vg-GcjxpzJsMilkT:APA91bEq-9ElbT0bml9RdEcwpq-da-MyiY3S-aZHV5Y_TAXr0wlOAjMRbozGPuPKw07vDvY3R6GZN_xk98kYkUQofBvXpcjEDKydkENKS6BmT0sbSAhY3sYTgBfmfE-Bo_fM9HKSZ5ZU"]

========================================================

"{\"multicast_id\":6817257389016148723,\"success\":1,\"failure\":0,\"canonical_ids\":0,\"results\":[{\"message_id\":\"28c9747d-63ec-4726-bed3-4e8c063e5666\"}]}"

========================================================

["dUhZC3vg-GcjxpzJsMilkT:APA91bEq-9ElbT0bml9RdEcwpq-da-MyiY3S-aZHV5Y_TAXr0wlOAjMRbozGPuPKw07vDvY3R6GZN_xk98kYkUQofBvXpcjEDKydkENKS6BmT0sbSAhY3sYTgBfmfE-Bo_fM9HKSZ5ZU"]

========================================================

"{\"multicast_id\":8248594198035613777,\"success\":1,\"failure\":0,\"canonical_ids\":0,\"results\":[{\"message_id\":\"c965cd21-e497-4442-a630-627b6edec80a\"}]}"

========================================================

["dUhZC3vg-GcjxpzJsMilkT:APA91bEq-9ElbT0bml9RdEcwpq-da-MyiY3S-aZHV5Y_TAXr0wlOAjMRbozGPuPKw07vDvY3R6GZN_xk98kYkUQofBvXpcjEDKydkENKS6BmT0sbSAhY3sYTgBfmfE-Bo_fM9HKSZ5ZU"]

========================================================

"{\"multicast_id\":1094087935490181079,\"success\":1,\"failure\":0,\"canonical_ids\":0,\"results\":[{\"message_id\":\"429d08b0-d23e-4ead-8cb3-2f62aa09d600\"}]}"

========================================================

[]

========================================================

"\"registration_ids\" field cannot be empty\n"

========================================================

["dUhZC3vg-GcjxpzJsMilkT:APA91bEq-9ElbT0bml9RdEcwpq-da-MyiY3S-aZHV5Y_TAXr0wlOAjMRbozGPuPKw07vDvY3R6GZN_xk98kYkUQofBvXpcjEDKydkENKS6BmT0sbSAhY3sYTgBfmfE-Bo_fM9HKSZ5ZU"]

========================================================

"{\"multicast_id\":5296520200813802662,\"success\":1,\"failure\":0,\"canonical_ids\":0,\"results\":[{\"message_id\":\"49c249f6-e8a9-4acf-81f3-469cfce009b3\"}]}"

========================================================

["dUhZC3vg-GcjxpzJsMilkT:APA91bEq-9ElbT0bml9RdEcwpq-da-MyiY3S-aZHV5Y_TAXr0wlOAjMRbozGPuPKw07vDvY3R6GZN_xk98kYkUQofBvXpcjEDKydkENKS6BmT0sbSAhY3sYTgBfmfE-Bo_fM9HKSZ5ZU"]

========================================================

"{\"multicast_id\":2860111586372629913,\"success\":1,\"failure\":0,\"canonical_ids\":0,\"results\":[{\"message_id\":\"30531d4a-fbf0-48fd-96db-067146b3ba4a\"}]}"

========================================================

["dUhZC3vg-GcjxpzJsMilkT:APA91bEq-9ElbT0bml9RdEcwpq-da-MyiY3S-aZHV5Y_TAXr0wlOAjMRbozGPuPKw07vDvY3R6GZN_xk98kYkUQofBvXpcjEDKydkENKS6BmT0sbSAhY3sYTgBfmfE-Bo_fM9HKSZ5ZU"]

========================================================

"{\"multicast_id\":141957610600383272,\"success\":1,\"failure\":0,\"canonical_ids\":0,\"results\":[{\"message_id\":\"84cf50ac-d43c-4f59-80ce-4f6fedd56379\"}]}"

========================================================

["dUhZC3vg-GcjxpzJsMilkT:APA91bEq-9ElbT0bml9RdEcwpq-da-MyiY3S-aZHV5Y_TAXr0wlOAjMRbozGPuPKw07vDvY3R6GZN_xk98kYkUQofBvXpcjEDKydkENKS6BmT0sbSAhY3sYTgBfmfE-Bo_fM9HKSZ5ZU"]

========================================================

"{\"multicast_id\":2042029960436093293,\"success\":1,\"failure\":0,\"canonical_ids\":0,\"results\":[{\"message_id\":\"568391e8-9392-4963-b681-c4c9b20cee10\"}]}"

========================================================

["dUhZC3vg-GcjxpzJsMilkT:APA91bEq-9ElbT0bml9RdEcwpq-da-MyiY3S-aZHV5Y_TAXr0wlOAjMRbozGPuPKw07vDvY3R6GZN_xk98kYkUQofBvXpcjEDKydkENKS6BmT0sbSAhY3sYTgBfmfE-Bo_fM9HKSZ5ZU"]

========================================================

"{\"multicast_id\":6779997446982705313,\"success\":1,\"failure\":0,\"canonical_ids\":0,\"results\":[{\"message_id\":\"68887e34-38c2-4905-abfb-08082be987a2\"}]}"

========================================================

["dUhZC3vg-GcjxpzJsMilkT:APA91bEq-9ElbT0bml9RdEcwpq-da-MyiY3S-aZHV5Y_TAXr0wlOAjMRbozGPuPKw07vDvY3R6GZN_xk98kYkUQofBvXpcjEDKydkENKS6BmT0sbSAhY3sYTgBfmfE-Bo_fM9HKSZ5ZU"]

========================================================

"{\"multicast_id\":2107721087946702772,\"success\":1,\"failure\":0,\"canonical_ids\":0,\"results\":[{\"message_id\":\"8b2ff8b1-74d7-4b93-97a6-8a9395d0cfe8\"}]}"

========================================================

["dUhZC3vg-GcjxpzJsMilkT:APA91bEq-9ElbT0bml9RdEcwpq-da-MyiY3S-aZHV5Y_TAXr0wlOAjMRbozGPuPKw07vDvY3R6GZN_xk98kYkUQofBvXpcjEDKydkENKS6BmT0sbSAhY3sYTgBfmfE-Bo_fM9HKSZ5ZU"]

========================================================

"{\"multicast_id\":6381795908773037210,\"success\":1,\"failure\":0,\"canonical_ids\":0,\"results\":[{\"message_id\":\"299d5bd2-6da0-4e6e-bc08-ec9074924674\"}]}"

========================================================

["dUhZC3vg-GcjxpzJsMilkT:APA91bEq-9ElbT0bml9RdEcwpq-da-MyiY3S-aZHV5Y_TAXr0wlOAjMRbozGPuPKw07vDvY3R6GZN_xk98kYkUQofBvXpcjEDKydkENKS6BmT0sbSAhY3sYTgBfmfE-Bo_fM9HKSZ5ZU"]

========================================================

"{\"multicast_id\":7627590265682670421,\"success\":1,\"failure\":0,\"canonical_ids\":0,\"results\":[{\"message_id\":\"10ce008d-9568-49e9-aea7-da6de734d241\"}]}"

========================================================

["dUhZC3vg-GcjxpzJsMilkT:APA91bEq-9ElbT0bml9RdEcwpq-da-MyiY3S-aZHV5Y_TAXr0wlOAjMRbozGPuPKw07vDvY3R6GZN_xk98kYkUQofBvXpcjEDKydkENKS6BmT0sbSAhY3sYTgBfmfE-Bo_fM9HKSZ5ZU"]

========================================================

"{\"multicast_id\":7289493944826317113,\"success\":1,\"failure\":0,\"canonical_ids\":0,\"results\":[{\"message_id\":\"623b3f90-b312-4fe5-80d7-da782efadbed\"}]}"

========================================================

[]

========================================================

"\"registration_ids\" field cannot be empty\n"

========================================================

["dUhZC3vg-GcjxpzJsMilkT:APA91bEq-9ElbT0bml9RdEcwpq-da-MyiY3S-aZHV5Y_TAXr0wlOAjMRbozGPuPKw07vDvY3R6GZN_xk98kYkUQofBvXpcjEDKydkENKS6BmT0sbSAhY3sYTgBfmfE-Bo_fM9HKSZ5ZU"]

========================================================

"{\"multicast_id\":5700069484646058705,\"success\":1,\"failure\":0,\"canonical_ids\":0,\"results\":[{\"message_id\":\"30ce7256-24e8-410b-96c2-b2b6693b8541\"}]}"

========================================================

["dUhZC3vg-GcjxpzJsMilkT:APA91bEq-9ElbT0bml9RdEcwpq-da-MyiY3S-aZHV5Y_TAXr0wlOAjMRbozGPuPKw07vDvY3R6GZN_xk98kYkUQofBvXpcjEDKydkENKS6BmT0sbSAhY3sYTgBfmfE-Bo_fM9HKSZ5ZU"]

========================================================

"{\"multicast_id\":784783205217097357,\"success\":1,\"failure\":0,\"canonical_ids\":0,\"results\":[{\"message_id\":\"95b019a9-7c59-492b-bb89-dd9f5dcd9ece\"}]}"

========================================================

["dUhZC3vg-GcjxpzJsMilkT:APA91bEq-9ElbT0bml9RdEcwpq-da-MyiY3S-aZHV5Y_TAXr0wlOAjMRbozGPuPKw07vDvY3R6GZN_xk98kYkUQofBvXpcjEDKydkENKS6BmT0sbSAhY3sYTgBfmfE-Bo_fM9HKSZ5ZU"]

========================================================

"{\"multicast_id\":9111682633386080423,\"success\":1,\"failure\":0,\"canonical_ids\":0,\"results\":[{\"message_id\":\"bae5e107-3329-416e-b499-04ff0ef90d97\"}]}"

========================================================

["dUhZC3vg-GcjxpzJsMilkT:APA91bEq-9ElbT0bml9RdEcwpq-da-MyiY3S-aZHV5Y_TAXr0wlOAjMRbozGPuPKw07vDvY3R6GZN_xk98kYkUQofBvXpcjEDKydkENKS6BmT0sbSAhY3sYTgBfmfE-Bo_fM9HKSZ5ZU"]

========================================================

"{\"multicast_id\":6778042239310542351,\"success\":1,\"failure\":0,\"canonical_ids\":0,\"results\":[{\"message_id\":\"fb74ca6e-a1da-42cf-ba83-34a37f082cfb\"}]}"

========================================================

["dUhZC3vg-GcjxpzJsMilkT:APA91bEq-9ElbT0bml9RdEcwpq-da-MyiY3S-aZHV5Y_TAXr0wlOAjMRbozGPuPKw07vDvY3R6GZN_xk98kYkUQofBvXpcjEDKydkENKS6BmT0sbSAhY3sYTgBfmfE-Bo_fM9HKSZ5ZU"]

========================================================

"{\"multicast_id\":7462135284340285288,\"success\":1,\"failure\":0,\"canonical_ids\":0,\"results\":[{\"message_id\":\"e3a7556b-4189-4cfd-bc93-ef278352ebea\"}]}"

========================================================

["dUhZC3vg-GcjxpzJsMilkT:APA91bEq-9ElbT0bml9RdEcwpq-da-MyiY3S-aZHV5Y_TAXr0wlOAjMRbozGPuPKw07vDvY3R6GZN_xk98kYkUQofBvXpcjEDKydkENKS6BmT0sbSAhY3sYTgBfmfE-Bo_fM9HKSZ5ZU"]

========================================================

"{\"multicast_id\":4226393144284935683,\"success\":1,\"failure\":0,\"canonical_ids\":0,\"results\":[{\"message_id\":\"540f80f2-916a-47e1-a43b-e877216b1b13\"}]}"

========================================================

["dUhZC3vg-GcjxpzJsMilkT:APA91bEq-9ElbT0bml9RdEcwpq-da-MyiY3S-aZHV5Y_TAXr0wlOAjMRbozGPuPKw07vDvY3R6GZN_xk98kYkUQofBvXpcjEDKydkENKS6BmT0sbSAhY3sYTgBfmfE-Bo_fM9HKSZ5ZU"]

========================================================

"{\"multicast_id\":8529354829486590970,\"success\":1,\"failure\":0,\"canonical_ids\":0,\"results\":[{\"message_id\":\"ab3e9b3b-67a5-4841-8819-08c740071b10\"}]}"

========================================================

["dUhZC3vg-GcjxpzJsMilkT:APA91bEq-9ElbT0bml9RdEcwpq-da-MyiY3S-aZHV5Y_TAXr0wlOAjMRbozGPuPKw07vDvY3R6GZN_xk98kYkUQofBvXpcjEDKydkENKS6BmT0sbSAhY3sYTgBfmfE-Bo_fM9HKSZ5ZU"]

========================================================

"{\"multicast_id\":422272622270431687,\"success\":1,\"failure\":0,\"canonical_ids\":0,\"results\":[{\"message_id\":\"70e0c2e1-71e8-4bee-83dd-41fa8d399592\"}]}"

========================================================

["dUhZC3vg-GcjxpzJsMilkT:APA91bEq-9ElbT0bml9RdEcwpq-da-MyiY3S-aZHV5Y_TAXr0wlOAjMRbozGPuPKw07vDvY3R6GZN_xk98kYkUQofBvXpcjEDKydkENKS6BmT0sbSAhY3sYTgBfmfE-Bo_fM9HKSZ5ZU"]

========================================================

"{\"multicast_id\":3186620060018860720,\"success\":1,\"failure\":0,\"canonical_ids\":0,\"results\":[{\"message_id\":\"ef948e0a-5594-4ed3-9c9b-497114afe79b\"}]}"

========================================================

["dUhZC3vg-GcjxpzJsMilkT:APA91bEq-9ElbT0bml9RdEcwpq-da-MyiY3S-aZHV5Y_TAXr0wlOAjMRbozGPuPKw07vDvY3R6GZN_xk98kYkUQofBvXpcjEDKydkENKS6BmT0sbSAhY3sYTgBfmfE-Bo_fM9HKSZ5ZU"]

========================================================

"{\"multicast_id\":4677063801677026980,\"success\":1,\"failure\":0,\"canonical_ids\":0,\"results\":[{\"message_id\":\"ee27214a-b402-48d9-9cf1-dce0a3a09f69\"}]}"

========================================================

["dUhZC3vg-GcjxpzJsMilkT:APA91bEq-9ElbT0bml9RdEcwpq-da-MyiY3S-aZHV5Y_TAXr0wlOAjMRbozGPuPKw07vDvY3R6GZN_xk98kYkUQofBvXpcjEDKydkENKS6BmT0sbSAhY3sYTgBfmfE-Bo_fM9HKSZ5ZU"]

========================================================

"{\"multicast_id\":5820158833167493638,\"success\":1,\"failure\":0,\"canonical_ids\":0,\"results\":[{\"message_id\":\"854c8f3d-d0c3-48f6-9fca-8860b79549c1\"}]}"

========================================================

["dUhZC3vg-GcjxpzJsMilkT:APA91bEq-9ElbT0bml9RdEcwpq-da-MyiY3S-aZHV5Y_TAXr0wlOAjMRbozGPuPKw07vDvY3R6GZN_xk98kYkUQofBvXpcjEDKydkENKS6BmT0sbSAhY3sYTgBfmfE-Bo_fM9HKSZ5ZU"]

========================================================

"{\"multicast_id\":6817179074350909895,\"success\":1,\"failure\":0,\"canonical_ids\":0,\"results\":[{\"message_id\":\"db0eef54-8977-4944-bc90-5eb35e20963f\"}]}"

========================================================

["dUhZC3vg-GcjxpzJsMilkT:APA91bEq-9ElbT0bml9RdEcwpq-da-MyiY3S-aZHV5Y_TAXr0wlOAjMRbozGPuPKw07vDvY3R6GZN_xk98kYkUQofBvXpcjEDKydkENKS6BmT0sbSAhY3sYTgBfmfE-Bo_fM9HKSZ5ZU"]

========================================================

"{\"multicast_id\":4902958571912150739,\"success\":1,\"failure\":0,\"canonical_ids\":0,\"results\":[{\"message_id\":\"23f0c95e-3bba-4dc8-af77-a0c4d6b678c5\"}]}"

========================================================

["dUhZC3vg-GcjxpzJsMilkT:APA91bEq-9ElbT0bml9RdEcwpq-da-MyiY3S-aZHV5Y_TAXr0wlOAjMRbozGPuPKw07vDvY3R6GZN_xk98kYkUQofBvXpcjEDKydkENKS6BmT0sbSAhY3sYTgBfmfE-Bo_fM9HKSZ5ZU"]

========================================================

"{\"multicast_id\":6915213804191682866,\"success\":1,\"failure\":0,\"canonical_ids\":0,\"results\":[{\"message_id\":\"d4bac127-82ab-4744-9d52-dac25b3f0531\"}]}"

========================================================

["dUhZC3vg-GcjxpzJsMilkT:APA91bEq-9ElbT0bml9RdEcwpq-da-MyiY3S-aZHV5Y_TAXr0wlOAjMRbozGPuPKw07vDvY3R6GZN_xk98kYkUQofBvXpcjEDKydkENKS6BmT0sbSAhY3sYTgBfmfE-Bo_fM9HKSZ5ZU"]

========================================================

"{\"multicast_id\":192065029064125176,\"success\":1,\"failure\":0,\"canonical_ids\":0,\"results\":[{\"message_id\":\"88b12faa-a2e1-41b1-8c50-d7b0f1a381f9\"}]}"

========================================================

["dUhZC3vg-GcjxpzJsMilkT:APA91bEq-9ElbT0bml9RdEcwpq-da-MyiY3S-aZHV5Y_TAXr0wlOAjMRbozGPuPKw07vDvY3R6GZN_xk98kYkUQofBvXpcjEDKydkENKS6BmT0sbSAhY3sYTgBfmfE-Bo_fM9HKSZ5ZU"]

========================================================

"{\"multicast_id\":3377236642216233403,\"success\":1,\"failure\":0,\"canonical_ids\":0,\"results\":[{\"message_id\":\"973e03e5-0039-46ec-82b8-151c1e897470\"}]}"

========================================================

[]

========================================================

"\"registration_ids\" field cannot be empty\n"

========================================================

["dUhZC3vg-GcjxpzJsMilkT:APA91bEq-9ElbT0bml9RdEcwpq-da-MyiY3S-aZHV5Y_TAXr0wlOAjMRbozGPuPKw07vDvY3R6GZN_xk98kYkUQofBvXpcjEDKydkENKS6BmT0sbSAhY3sYTgBfmfE-Bo_fM9HKSZ5ZU"]

========================================================

"{\"multicast_id\":5648299050302510026,\"success\":1,\"failure\":0,\"canonical_ids\":0,\"results\":[{\"message_id\":\"4b198c3a-f262-405f-bb13-e4728111a9d2\"}]}"

========================================================

["dUhZC3vg-GcjxpzJsMilkT:APA91bEq-9ElbT0bml9RdEcwpq-da-MyiY3S-aZHV5Y_TAXr0wlOAjMRbozGPuPKw07vDvY3R6GZN_xk98kYkUQofBvXpcjEDKydkENKS6BmT0sbSAhY3sYTgBfmfE-Bo_fM9HKSZ5ZU"]

========================================================

"{\"multicast_id\":570317772530799155,\"success\":1,\"failure\":0,\"canonical_ids\":0,\"results\":[{\"message_id\":\"48ea60d7-f4b5-47a3-bed1-c8e410ddd7ca\"}]}"

========================================================

["dUhZC3vg-GcjxpzJsMilkT:APA91bEq-9ElbT0bml9RdEcwpq-da-MyiY3S-aZHV5Y_TAXr0wlOAjMRbozGPuPKw07vDvY3R6GZN_xk98kYkUQofBvXpcjEDKydkENKS6BmT0sbSAhY3sYTgBfmfE-Bo_fM9HKSZ5ZU"]

========================================================

"{\"multicast_id\":5362656425519464647,\"success\":1,\"failure\":0,\"canonical_ids\":0,\"results\":[{\"message_id\":\"d2b8addd-18dd-4795-8da4-d3ed65df6e9b\"}]}"

========================================================

["dUhZC3vg-GcjxpzJsMilkT:APA91bEq-9ElbT0bml9RdEcwpq-da-MyiY3S-aZHV5Y_TAXr0wlOAjMRbozGPuPKw07vDvY3R6GZN_xk98kYkUQofBvXpcjEDKydkENKS6BmT0sbSAhY3sYTgBfmfE-Bo_fM9HKSZ5ZU"]

========================================================

"{\"multicast_id\":2517079506216331205,\"success\":1,\"failure\":0,\"canonical_ids\":0,\"results\":[{\"message_id\":\"d8b234d0-c9c7-458d-becc-0bdaef7084b1\"}]}"

========================================================

[]

========================================================

"\"registration_ids\" field cannot be empty\n"

========================================================

["dUhZC3vg-GcjxpzJsMilkT:APA91bEq-9ElbT0bml9RdEcwpq-da-MyiY3S-aZHV5Y_TAXr0wlOAjMRbozGPuPKw07vDvY3R6GZN_xk98kYkUQofBvXpcjEDKydkENKS6BmT0sbSAhY3sYTgBfmfE-Bo_fM9HKSZ5ZU","14254787425741"]

========================================================

"{\"multicast_id\":3974645679683292003,\"success\":1,\"failure\":1,\"canonical_ids\":0,\"results\":[{\"message_id\":\"3664bf55-cfac-4f3b-ae8d-7e70ea505a44\"},{\"error\":\"InvalidRegistration\"}]}"

========================================================

[]

========================================================

"\"registration_ids\" field cannot be empty\n"

========================================================

[]

========================================================

"\"registration_ids\" field cannot be empty\n"

========================================================

[]

========================================================

"\"registration_ids\" field cannot be empty\n"

========================================================

[]

========================================================

"\"registration_ids\" field cannot be empty\n"

========================================================

[]

========================================================

"\"registration_ids\" field cannot be empty\n"

========================================================

[]

========================================================

"\"registration_ids\" field cannot be empty\n"

========================================================

[]

========================================================

"\"registration_ids\" field cannot be empty\n"

========================================================

[]

========================================================

"\"registration_ids\" field cannot be empty\n"

========================================================

[]

========================================================

"\"registration_ids\" field cannot be empty\n"

========================================================

[]

========================================================

"\"registration_ids\" field cannot be empty\n"

========================================================

[]

========================================================

"\"registration_ids\" field cannot be empty\n"

========================================================

[]

========================================================

"\"registration_ids\" field cannot be empty\n"

========================================================

[]

========================================================

"\"registration_ids\" field cannot be empty\n"

========================================================

[]

========================================================

"\"registration_ids\" field cannot be empty\n"

========================================================

[]

========================================================

"\"registration_ids\" field cannot be empty\n"

========================================================

[]

========================================================

"\"registration_ids\" field cannot be empty\n"

========================================================

[]

========================================================

"\"registration_ids\" field cannot be empty\n"

========================================================

[]

========================================================

"\"registration_ids\" field cannot be empty\n"

========================================================

[]

========================================================

"\"registration_ids\" field cannot be empty\n"

========================================================

["dUhZC3vg-GcjxpzJsMilkT:APA91bEq-9ElbT0bml9RdEcwpq-da-MyiY3S-aZHV5Y_TAXr0wlOAjMRbozGPuPKw07vDvY3R6GZN_xk98kYkUQofBvXpcjEDKydkENKS6BmT0sbSAhY3sYTgBfmfE-Bo_fM9HKSZ5ZU"]

========================================================

"{\"multicast_id\":7823568816294333677,\"success\":1,\"failure\":0,\"canonical_ids\":0,\"results\":[{\"message_id\":\"d1cfd93c-db85-42f1-aaaa-d03f46e9f1e8\"}]}"

========================================================

["dUhZC3vg-GcjxpzJsMilkT:APA91bEq-9ElbT0bml9RdEcwpq-da-MyiY3S-aZHV5Y_TAXr0wlOAjMRbozGPuPKw07vDvY3R6GZN_xk98kYkUQofBvXpcjEDKydkENKS6BmT0sbSAhY3sYTgBfmfE-Bo_fM9HKSZ5ZU"]

========================================================

"{\"multicast_id\":931482787652297455,\"success\":1,\"failure\":0,\"canonical_ids\":0,\"results\":[{\"message_id\":\"d23f8624-0b42-48cf-a85e-480141bf8555\"}]}"

========================================================

["dUhZC3vg-GcjxpzJsMilkT:APA91bEq-9ElbT0bml9RdEcwpq-da-MyiY3S-aZHV5Y_TAXr0wlOAjMRbozGPuPKw07vDvY3R6GZN_xk98kYkUQofBvXpcjEDKydkENKS6BmT0sbSAhY3sYTgBfmfE-Bo_fM9HKSZ5ZU"]

========================================================

"{\"multicast_id\":1859475204220424532,\"success\":1,\"failure\":0,\"canonical_ids\":0,\"results\":[{\"message_id\":\"73ea85c5-f65e-4f47-b09e-3f4e1c039a05\"}]}"

========================================================

["dUhZC3vg-GcjxpzJsMilkT:APA91bEq-9ElbT0bml9RdEcwpq-da-MyiY3S-aZHV5Y_TAXr0wlOAjMRbozGPuPKw07vDvY3R6GZN_xk98kYkUQofBvXpcjEDKydkENKS6BmT0sbSAhY3sYTgBfmfE-Bo_fM9HKSZ5ZU"]

========================================================

"{\"multicast_id\":1469430732358104277,\"success\":1,\"failure\":0,\"canonical_ids\":0,\"results\":[{\"message_id\":\"6f999a29-66c7-4a5c-bc9a-197538248e94\"}]}"

========================================================

["dUhZC3vg-GcjxpzJsMilkT:APA91bEq-9ElbT0bml9RdEcwpq-da-MyiY3S-aZHV5Y_TAXr0wlOAjMRbozGPuPKw07vDvY3R6GZN_xk98kYkUQofBvXpcjEDKydkENKS6BmT0sbSAhY3sYTgBfmfE-Bo_fM9HKSZ5ZU"]

========================================================

"{\"multicast_id\":1028451180365255884,\"success\":1,\"failure\":0,\"canonical_ids\":0,\"results\":[{\"message_id\":\"60e96dde-fa62-4e45-a775-a785b8eb914a\"}]}"

========================================================

["dUhZC3vg-GcjxpzJsMilkT:APA91bEq-9ElbT0bml9RdEcwpq-da-MyiY3S-aZHV5Y_TAXr0wlOAjMRbozGPuPKw07vDvY3R6GZN_xk98kYkUQofBvXpcjEDKydkENKS6BmT0sbSAhY3sYTgBfmfE-Bo_fM9HKSZ5ZU"]

========================================================

"{\"multicast_id\":83383534849626703,\"success\":1,\"failure\":0,\"canonical_ids\":0,\"results\":[{\"message_id\":\"05f633d4-5f97-450e-9fb8-77d7abbda182\"}]}"

========================================================

["dUhZC3vg-GcjxpzJsMilkT:APA91bEq-9ElbT0bml9RdEcwpq-da-MyiY3S-aZHV5Y_TAXr0wlOAjMRbozGPuPKw07vDvY3R6GZN_xk98kYkUQofBvXpcjEDKydkENKS6BmT0sbSAhY3sYTgBfmfE-Bo_fM9HKSZ5ZU"]

========================================================

"{\"multicast_id\":4887265646026972061,\"success\":1,\"failure\":0,\"canonical_ids\":0,\"results\":[{\"message_id\":\"b183e79e-8cb9-4ffd-96b2-403d8eec259e\"}]}"

========================================================

["dUhZC3vg-GcjxpzJsMilkT:APA91bEq-9ElbT0bml9RdEcwpq-da-MyiY3S-aZHV5Y_TAXr0wlOAjMRbozGPuPKw07vDvY3R6GZN_xk98kYkUQofBvXpcjEDKydkENKS6BmT0sbSAhY3sYTgBfmfE-Bo_fM9HKSZ5ZU"]

========================================================

"{\"multicast_id\":6699680579679747496,\"success\":1,\"failure\":0,\"canonical_ids\":0,\"results\":[{\"message_id\":\"aadc078a-1496-4618-97bd-2a36e4f554d4\"}]}"

========================================================

[]

========================================================

"\"registration_ids\" field cannot be empty\n"

========================================================

["dUhZC3vg-GcjxpzJsMilkT:APA91bEq-9ElbT0bml9RdEcwpq-da-MyiY3S-aZHV5Y_TAXr0wlOAjMRbozGPuPKw07vDvY3R6GZN_xk98kYkUQofBvXpcjEDKydkENKS6BmT0sbSAhY3sYTgBfmfE-Bo_fM9HKSZ5ZU"]

========================================================

"{\"multicast_id\":7056434167821648775,\"success\":1,\"failure\":0,\"canonical_ids\":0,\"results\":[{\"message_id\":\"17b7e374-770a-4999-bc1a-52a84cab3d6e\"}]}"

========================================================

[]

========================================================

"\"registration_ids\" field cannot be empty\n"

========================================================

[]

========================================================

"\"registration_ids\" field cannot be empty\n"

========================================================

[]

========================================================

"\"registration_ids\" field cannot be empty\n"

========================================================

["f_Wb55MJRx2TgiP_QA_kII:APA91bE5d0HATXfCJ_MXHRgLp-iNbiqgf_BN5nPxH1s3R9ybJ6CK7jBmSP9kvWu5fLZ4TCi82EqtOVdzGfHzNEQ6x17mcro0N1VViJc93va8mne153XqVfzsjDq2la19LvpvU7QKtLUx"]

========================================================

"{\"multicast_id\":4955859572210019460,\"success\":1,\"failure\":0,\"canonical_ids\":0,\"results\":[{\"message_id\":\"0:1655728392055266%77f3380477f33804\"}]}"

========================================================

[]

========================================================

"\"registration_ids\" field cannot be empty\n"

========================================================

[]

========================================================

"\"registration_ids\" field cannot be empty\n"

========================================================

["fB6oZHVARRSPuB-G7AEpIx:APA91bENjoJFGQSHpMt0lwG_xXv40Gg71cNOiiV5ZZOCHuxoTLSqf_u1sjHAdk9HeJe3rCTMfNT3UTfSMZEbTCPaVSM15EgTGQnGzdb0DCuw9_R8CEPaAA-5dbDkrtYI8AJR-RR594BL"]

========================================================

"{\"multicast_id\":1142416531385021135,\"success\":1,\"failure\":0,\"canonical_ids\":0,\"results\":[{\"message_id\":\"0:1655731277531465%77f3380477f33804\"}]}"

========================================================

[]

========================================================

"\"registration_ids\" field cannot be empty\n"

========================================================

[]

========================================================

"\"registration_ids\" field cannot be empty\n"

========================================================

[]

========================================================

"\"registration_ids\" field cannot be empty\n"

========================================================

[]

========================================================

"\"registration_ids\" field cannot be empty\n"

========================================================

[]

========================================================

"\"registration_ids\" field cannot be empty\n"

========================================================

[]

========================================================

"\"registration_ids\" field cannot be empty\n"

========================================================

[]

========================================================

"\"registration_ids\" field cannot be empty\n"

========================================================

[]

========================================================

"\"registration_ids\" field cannot be empty\n"

========================================================

[]

========================================================

"\"registration_ids\" field cannot be empty\n"

========================================================

[]

========================================================

"\"registration_ids\" field cannot be empty\n"

========================================================

[]

========================================================

"\"registration_ids\" field cannot be empty\n"

========================================================

[]

========================================================

"\"registration_ids\" field cannot be empty\n"

========================================================

[]

========================================================

"\"registration_ids\" field cannot be empty\n"

========================================================

["dsMTkMpQRR-lYUn4vt5Wd1:APA91bE0BWGZTmFxjHPcuv4Ca1A3ntSdlVcw2CWKqDmwUMU1CNJck9Svf0CKdzCvA5lrO9LfoVT1q9iCbZ3aaaizCxuZqX1iwNLMNu0jd97wN20qImDqEz11L0-eGSl4nFC2dkZh_qS7"]

========================================================

"{\"multicast_id\":1286889459263153221,\"success\":1,\"failure\":0,\"canonical_ids\":0,\"results\":[{\"message_id\":\"0:1655813943450745%77f3380477f33804\"}]}"

========================================================

[]

========================================================

"\"registration_ids\" field cannot be empty\n"

========================================================

["fFSC8-etRoieKQtQtRySpj:APA91bHUR_TYWPGyGfSYgAOv2VD9U0nO93T8Zy8ogr0IttRYaFqp67xf_-o4OGkdr1QI6hL2bmllCftZa4qj3wwjR-2nXWdQKQN0ESg4MEyFXNIOnrL40G5fVRPdQRh8upeBH5voe-2R"]

========================================================

"{\"multicast_id\":2571920065327448708,\"success\":1,\"failure\":0,\"canonical_ids\":0,\"results\":[{\"message_id\":\"0:1655814702889793%77f3380477f33804\"}]}"

========================================================

["dDPWw70dSOiFpLN21Vi9-j:APA91bHHE_-FZWGXM_0YZVT15hvGSQ_aZCP73Qeclx4JEWUGl-c1aIZL9Wd1r5OOXuLjyeGDhPAZ7e3UKLJCOX229G8iG2qzNoqsMRtUGkKCdcH9UXW_Jf_zNxWeVajTxdL4R08KDfQ7"]

========================================================

"{\"multicast_id\":1046208364358868639,\"success\":1,\"failure\":0,\"canonical_ids\":0,\"results\":[{\"message_id\":\"0:1655815406680797%77f3380477f33804\"}]}"

